d:\mytamagochi\mytamagochi\debug\vc142.pdb
d:\mytamagochi\mytamagochi\debug\.netframework,version=v4.7.2.assemblyattributes.obj
d:\mytamagochi\mytamagochi\debug\vibor.obj
d:\mytamagochi\mytamagochi\debug\reg.obj
d:\mytamagochi\mytamagochi\debug\myform.obj
d:\mytamagochi\mytamagochi\debug\mlekop.obj
d:\mytamagochi\mytamagochi\debug\nasik.obj
d:\mytamagochi\mytamagochi\debug\fish.obj
d:\mytamagochi\mytamagochi\debug\bird.obj
d:\mytamagochi\debug\mytamagochi.exe
d:\mytamagochi\debug\mytamagochi.pdb
d:\mytamagochi\mytamagochi\debug\mytamagochi.mlekop.resources
d:\mytamagochi\mytamagochi\debug\mytamagochi.myform.resources
d:\mytamagochi\mytamagochi\debug\mytamagochi.reg.resources
d:\mytamagochi\mytamagochi\debug\mytamagochi.vibor.resources
d:\mytamagochi\mytamagochi\debug\mytamagochi.bird.resources
d:\mytamagochi\mytamagochi\debug\mytamagochi.fish.resources
d:\mytamagochi\mytamagochi\debug\mytamagochi.nasik.resources
d:\mytamagochi\mytamagochi\debug\mytamagochi.tlog\cl.command.1.tlog
d:\mytamagochi\mytamagochi\debug\mytamagochi.tlog\cl.read.1.tlog
d:\mytamagochi\mytamagochi\debug\mytamagochi.tlog\cl.write.1.tlog
d:\mytamagochi\mytamagochi\debug\mytamagochi.tlog\link.command.1.tlog
d:\mytamagochi\mytamagochi\debug\mytamagochi.tlog\link.read.1.tlog
d:\mytamagochi\mytamagochi\debug\mytamagochi.tlog\link.write.1.tlog
d:\mytamagochi\mytamagochi\debug\mytamagochi.tlog\metagen.read.1.tlog
d:\mytamagochi\mytamagochi\debug\mytamagochi.tlog\metagen.write.1.tlog
d:\mytamagochi\mytamagochi\debug\mytamagochi.tlog\mytamagochi.write.1u.tlog
